[debug] [2021-04-21T02:44:24.866Z] ----------------------------------------------------------------------
[debug] [2021-04-21T02:44:24.869Z] Command:       C:\Program Files\nodejs\node.exe C:\Users\User\AppData\Roaming\npm\node_modules\firebase-tools\lib\bin\firebase.js deploy
[debug] [2021-04-21T02:44:24.869Z] CLI Version:   9.10.0
[debug] [2021-04-21T02:44:24.869Z] Platform:      win32
[debug] [2021-04-21T02:44:24.869Z] Node Version:  v12.18.4
[debug] [2021-04-21T02:44:24.870Z] Time:          Wed Apr 21 2021 06:44:24 GMT+0400 (Azerbaijan Standard Time)
[debug] [2021-04-21T02:44:24.871Z] ----------------------------------------------------------------------
[debug] 
[debug] [2021-04-21T02:44:24.874Z] >>> [apiv2][query] GET https://firebase-public.firebaseio.com/cli.json [none]
[debug] [2021-04-21T02:44:24.909Z] > command requires scopes: ["email","openid","https://www.googleapis.com/auth/cloudplatformprojects.readonly","https://www.googleapis.com/auth/firebase","https://www.googleapis.com/auth/cloud-platform"]
[debug] [2021-04-21T02:44:24.909Z] > authorizing via signed-in user (qasimovahumay@gmail.com)
[debug] [2021-04-21T02:44:24.909Z] [iam] checking project dreality-36f77 for permissions ["firebase.projects.get","firebasehosting.sites.update"]
[debug] [2021-04-21T02:44:24.911Z] > refreshing access token with scopes: ["email","https://www.googleapis.com/auth/cloud-platform","https://www.googleapis.com/auth/cloudplatformprojects.readonly","https://www.googleapis.com/auth/firebase","openid"]
[debug] [2021-04-21T02:44:24.911Z] >>> HTTP REQUEST POST https://www.googleapis.com/oauth2/v3/token  
 <request body omitted>
[debug] [2021-04-21T02:44:25.244Z] <<< HTTP RESPONSE 200 {"expires":"Mon, 01 Jan 1990 00:00:00 GMT","pragma":"no-cache","date":"Wed, 21 Apr 2021 02:44:24 GMT","cache-control":"no-cache, no-store, max-age=0, must-revalidate","content-type":"application/json; charset=utf-8","vary":"X-Origin, Referer, Origin,Accept-Encoding","server":"scaffolding on HTTPServer2","x-xss-protection":"0","x-frame-options":"SAMEORIGIN","x-content-type-options":"nosniff","alt-svc":"h3-29=\":443\"; ma=2592000,h3-T051=\":443\"; ma=2592000,h3-Q050=\":443\"; ma=2592000,h3-Q046=\":443\"; ma=2592000,h3-Q043=\":443\"; ma=2592000,quic=\":443\"; ma=2592000; v=\"46,43\"","accept-ranges":"none","transfer-encoding":"chunked"}
[debug] [2021-04-21T02:44:25.259Z] >>> HTTP REQUEST POST https://cloudresourcemanager.googleapis.com/v1/projects/dreality-36f77:testIamPermissions  
 {"permissions":["firebase.projects.get","firebasehosting.sites.update"]}
[debug] [2021-04-21T02:44:25.634Z] <<< [apiv2][status] GET https://firebase-public.firebaseio.com/cli.json 200
[debug] [2021-04-21T02:44:25.634Z] <<< [apiv2][body] GET https://firebase-public.firebaseio.com/cli.json {"cloudBuildErrorAfter":1594252800000,"cloudBuildWarnAfter":1590019200000,"defaultNode10After":1594252800000,"minVersion":"3.0.5","node8DeploysDisabledAfter":1613390400000,"node8RuntimeDisabledAfter":1615809600000,"node8WarnAfter":1600128000000}
[debug] [2021-04-21T02:44:26.307Z] <<< HTTP RESPONSE 200 {"content-type":"application/json; charset=UTF-8","vary":"X-Origin, Referer, Origin,Accept-Encoding","date":"Wed, 21 Apr 2021 02:44:25 GMT","server":"ESF","cache-control":"private","x-xss-protection":"0","x-frame-options":"SAMEORIGIN","x-content-type-options":"nosniff","server-timing":"gfet4t7; dur=770","alt-svc":"h3-29=\":443\"; ma=2592000,h3-T051=\":443\"; ma=2592000,h3-Q050=\":443\"; ma=2592000,h3-Q046=\":443\"; ma=2592000,h3-Q043=\":443\"; ma=2592000,quic=\":443\"; ma=2592000; v=\"46,43\"","accept-ranges":"none","transfer-encoding":"chunked"}
[debug] [2021-04-21T02:44:26.308Z] > refreshing access token with scopes: []
[debug] [2021-04-21T02:44:26.308Z] >>> HTTP REQUEST POST https://www.googleapis.com/oauth2/v3/token  
 <request body omitted>
[debug] [2021-04-21T02:44:26.620Z] <<< HTTP RESPONSE 200 {"expires":"Mon, 01 Jan 1990 00:00:00 GMT","pragma":"no-cache","cache-control":"no-cache, no-store, max-age=0, must-revalidate","date":"Wed, 21 Apr 2021 02:44:26 GMT","content-type":"application/json; charset=utf-8","vary":"X-Origin, Referer, Origin,Accept-Encoding","server":"scaffolding on HTTPServer2","x-xss-protection":"0","x-frame-options":"SAMEORIGIN","x-content-type-options":"nosniff","alt-svc":"h3-29=\":443\"; ma=2592000,h3-T051=\":443\"; ma=2592000,h3-Q050=\":443\"; ma=2592000,h3-Q046=\":443\"; ma=2592000,h3-Q043=\":443\"; ma=2592000,quic=\":443\"; ma=2592000; v=\"46,43\"","accept-ranges":"none","transfer-encoding":"chunked"}
[debug] [2021-04-21T02:44:26.631Z] >>> [apiv2][query] GET https://firebase.googleapis.com/v1beta1/projects/dreality-36f77 [none]
[debug] [2021-04-21T02:44:27.107Z] <<< [apiv2][status] GET https://firebase.googleapis.com/v1beta1/projects/dreality-36f77 200
[debug] [2021-04-21T02:44:27.107Z] <<< [apiv2][body] GET https://firebase.googleapis.com/v1beta1/projects/dreality-36f77 {"projectId":"dreality-36f77","projectNumber":"957366852788","displayName":"3DReality","name":"projects/dreality-36f77","resources":{"hostingSite":"dreality-36f77","realtimeDatabaseInstance":"dreality-36f77"},"state":"ACTIVE"}
[info] 
[info] === Deploying to 'dreality-36f77'...
[info] 
[info] i  deploying hosting 
[debug] [2021-04-21T02:44:27.113Z] > refreshing access token with scopes: ["email","https://www.googleapis.com/auth/cloud-platform","https://www.googleapis.com/auth/cloudplatformprojects.readonly","https://www.googleapis.com/auth/firebase","openid"]
[debug] [2021-04-21T02:44:27.114Z] >>> HTTP REQUEST POST https://www.googleapis.com/oauth2/v3/token  
 <request body omitted>
[debug] [2021-04-21T02:44:27.341Z] <<< HTTP RESPONSE 200 {"date":"Wed, 21 Apr 2021 02:44:26 GMT","expires":"Mon, 01 Jan 1990 00:00:00 GMT","pragma":"no-cache","cache-control":"no-cache, no-store, max-age=0, must-revalidate","content-type":"application/json; charset=utf-8","vary":"X-Origin, Referer, Origin,Accept-Encoding","server":"scaffolding on HTTPServer2","x-xss-protection":"0","x-frame-options":"SAMEORIGIN","x-content-type-options":"nosniff","alt-svc":"h3-29=\":443\"; ma=2592000,h3-T051=\":443\"; ma=2592000,h3-Q050=\":443\"; ma=2592000,h3-Q046=\":443\"; ma=2592000,h3-Q043=\":443\"; ma=2592000,quic=\":443\"; ma=2592000; v=\"46,43\"","accept-ranges":"none","transfer-encoding":"chunked"}
[debug] [2021-04-21T02:44:27.362Z] >>> HTTP REQUEST POST https://firebasehosting.googleapis.com/v1beta1/sites/dreality-36f77/versions  
 {"config":{"rewrites":[{"glob":"/public/**","path":"/public.html"},{"glob":"**","path":"/index.html"}]},"labels":{"deployment-tool":"cli-firebase"}}
[debug] [2021-04-21T02:44:29.196Z] <<< HTTP RESPONSE 200 {"content-type":"application/json; charset=UTF-8","vary":"X-Origin, Referer, Origin,Accept-Encoding","date":"Wed, 21 Apr 2021 02:44:28 GMT","server":"ESF","cache-control":"private","x-xss-protection":"0","x-frame-options":"SAMEORIGIN","x-content-type-options":"nosniff","alt-svc":"h3-29=\":443\"; ma=2592000,h3-T051=\":443\"; ma=2592000,h3-Q050=\":443\"; ma=2592000,h3-Q046=\":443\"; ma=2592000,h3-Q043=\":443\"; ma=2592000,quic=\":443\"; ma=2592000; v=\"46,43\"","accept-ranges":"none","transfer-encoding":"chunked"}
[info] i  hosting[dreality-36f77]: beginning deploy... 
[info] i  hosting[dreality-36f77]: found 30 files in dist 
[debug] [2021-04-21T02:44:31.577Z] > refreshing access token with scopes: []
[debug] [2021-04-21T02:44:31.581Z] >>> HTTP REQUEST POST https://www.googleapis.com/oauth2/v3/token  
 <request body omitted>
[debug] [2021-04-21T02:44:31.589Z] [hosting] hash cache [ZGlzdA] stored for 30 files
[debug] [2021-04-21T02:44:31.590Z] [hosting][hash queue][FINAL] {"max":2345,"min":29,"avg":792.3,"active":0,"complete":30,"success":30,"errored":0,"retried":0,"total":30,"elapsed":2373}
[debug] [2021-04-21T02:44:31.922Z] <<< HTTP RESPONSE 200 {"pragma":"no-cache","expires":"Mon, 01 Jan 1990 00:00:00 GMT","date":"Wed, 21 Apr 2021 02:44:31 GMT","cache-control":"no-cache, no-store, max-age=0, must-revalidate","content-type":"application/json; charset=utf-8","vary":"X-Origin, Referer, Origin,Accept-Encoding","server":"scaffolding on HTTPServer2","x-xss-protection":"0","x-frame-options":"SAMEORIGIN","x-content-type-options":"nosniff","alt-svc":"h3-29=\":443\"; ma=2592000,h3-T051=\":443\"; ma=2592000,h3-Q050=\":443\"; ma=2592000,h3-Q046=\":443\"; ma=2592000,h3-Q043=\":443\"; ma=2592000,quic=\":443\"; ma=2592000; v=\"46,43\"","accept-ranges":"none","transfer-encoding":"chunked"}
[debug] [2021-04-21T02:44:31.944Z] >>> [apiv2][query] POST https://firebasehosting.googleapis.com/v1beta1/sites/dreality-36f77/versions/87a6ec5665fbeb1e:populateFiles [none]
[debug] [2021-04-21T02:44:31.945Z] >>> [apiv2][body] POST https://firebasehosting.googleapis.com/v1beta1/sites/dreality-36f77/versions/87a6ec5665fbeb1e:populateFiles {"files":{"/index.html":"de0142fb7d258dde0cba84cfdd6ac0cde159a7eab934ebb0b8ffbfa595d3376e","/anniversary_lounge_capture.png":"b8a026045db45e87570bc12e925794aab02df8af555eacc8fb435517edc7e5cc","/lebombo_capture.png":"3964eca69bb49920de0721fe46b4636123469fb96fa148556f9d08b9edcc5d7f","/gray_pier_capture.png":"b5e672de78c2811f795f331bb69d909490f278de037b950a0743fe04ac1616f8","/umhlanga_sunrise_capture.png":"df7eeed85b8c153bc3d3e3a0389a7f2ae804e7da2bfc94ef1aff283dc1a8f651","/spruit_sunrise_capture.png":"cc0d6c655982754d2445ab64042093da4f7d8eef88a73422a83f0598ad806ceb","/dresden_moat_capture.png":"0107393693f73ae0c461ac4145aacd2ebefafeee0027d4aede2e37e580256832","/music_hall_01_capture.png":"eb660fd3abb6a6985ec3444f7789419aa8f4b6ee5320adf75d163d1dd5d313d1","/misty_pines_capture.png":"44836b1b69be589a01ab5501fe04206539f19334b8957d95d4f6c3069595f071","/snowy_park_01_capture.png":"b9936c2f09c1ca7687f15c3e606144196545a5bee730045852ab81979e820685","/urban_street_01_capture.png":"d5d966e336c8c8354f0fcbc89e4d12bef916c44f7f30430d199dff4a91375465","/bethnal_green_entrance_capture.png":"b8c4730466d411a8cdfa380f486a0a7d1473fdbb7df2c3bd637b2626ff0f3bff","/sunny_vondelpark_capture.png":"f063c5eb7b6901b5c054def9d5a2d15ece5830ea85c85a31cf751dd6ae654bf0","/skukuza_golf_capture.png":"8e668b1107b04b50b2121f016cb387780e5ea4b5a92bf4dd384496869aec3941","/autumn_hockey_capture.png":"b3c73a87c947d50a56b5da76d30a2cf8f935e1182b4357c11eceeecd7b8dca63","/transformed.js":"a2a1739c24ee9bf1e02a36f51bd574febc12d947f048b97c0fe0d59827e11353","/misty_pines_4k.jpg":"2699b22c8aff696d320bb64c67a7a2ba2537698fb9367a4aeaf7067d0a76d37d","/lebombo_8k.jpg":"6fbf8d50214f8ce94238c37f2549053bce2059af806aca38cc624eb317e3e66e","/bethnal_green_entrance_4k.jpg":"78a485c5866fcca1a5fa7fea11f127fa9b0f794a311695005ce2e077eedbdd8c","/skukuza_golf_4k.jpg":"f40581346353eed16eb3643a064fae6313cbb0b311d7dd9c3e517c303f7f1f04","/gray_pier_8k.jpg":"c8ab508be839f474746bf640d60648c4e20d8334dfc0d84241cb4dbb788f79c3","/snowy_park_01_8k.jpg":"c3475effa48cd991ab4b7c9de0879457007270324a16ddcb5bcd30b6a43e1f91","/anniversary_lounge_8k.jpg":"0f7634819eb373a16bbd893dc2b23060d3d626ef9dbf32820e02a27a602544a6","/umhlanga_sunrise_8k.jpg":"77b8fd5c090c5a3f5fda427ddf75396e0491e7dd88fe0b347da03caf57477ffd","/spruit_sunrise_8k.jpg":"841256e027b1e0d6a76b8d2ffb3270b986f7f076f1292c66c14b0f73c64e0285","/music_hall_01_8k.jpg":"94eda92954266fc372e98f61a1cceefc1087e1edb0e37c74ceb9cd09f608819a","/dresden_moat_8k.jpg":"ccb0e4f432933560cbee8566a525b1429448433cf008b865816fe7f0f68984f1","/urban_street_01_8k.jpg":"30c9f3cfc63b9a25894a684d33201fdfcdc4e6e9b3ee0381114731fb5651dfe8","/autumn_hockey_8k.jpg":"caa7268632fd6337fda8826c1d678d091e4a55fda6547a91b7bf3d625562f477","/sunny_vondelpark_8k.jpg":"9e72abd1c76668ba587dd33e5d60257a14257b98e205784d2a52cef1636ad006"}}
[debug] [2021-04-21T02:44:33.380Z] <<< [apiv2][status] POST https://firebasehosting.googleapis.com/v1beta1/sites/dreality-36f77/versions/87a6ec5665fbeb1e:populateFiles 200
[debug] [2021-04-21T02:44:33.380Z] <<< [apiv2][body] POST https://firebasehosting.googleapis.com/v1beta1/sites/dreality-36f77/versions/87a6ec5665fbeb1e:populateFiles {"uploadRequiredHashes":["30c9f3cfc63b9a25894a684d33201fdfcdc4e6e9b3ee0381114731fb5651dfe8","b5e672de78c2811f795f331bb69d909490f278de037b950a0743fe04ac1616f8","b8a026045db45e87570bc12e925794aab02df8af555eacc8fb435517edc7e5cc","94eda92954266fc372e98f61a1cceefc1087e1edb0e37c74ceb9cd09f608819a","df7eeed85b8c153bc3d3e3a0389a7f2ae804e7da2bfc94ef1aff283dc1a8f651","caa7268632fd6337fda8826c1d678d091e4a55fda6547a91b7bf3d625562f477","9e72abd1c76668ba587dd33e5d60257a14257b98e205784d2a52cef1636ad006","f40581346353eed16eb3643a064fae6313cbb0b311d7dd9c3e517c303f7f1f04","2699b22c8aff696d320bb64c67a7a2ba2537698fb9367a4aeaf7067d0a76d37d","0f7634819eb373a16bbd893dc2b23060d3d626ef9dbf32820e02a27a602544a6","b8c4730466d411a8cdfa380f486a0a7d1473fdbb7df2c3bd637b2626ff0f3bff","eb660fd3abb6a6985ec3444f7789419aa8f4b6ee5320adf75d163d1dd5d313d1","6fbf8d50214f8ce94238c37f2549053bce2059af806aca38cc624eb317e3e66e","b9936c2f09c1ca7687f15c3e606144196545a5bee730045852ab81979e820685","c3475effa48cd991ab4b7c9de0879457007270324a16ddcb5bcd30b6a43e1f91","78a485c5866fcca1a5fa7fea11f127fa9b0f794a311695005ce2e077eedbdd8c","cc0d6c655982754d2445ab64042093da4f7d8eef88a73422a83f0598ad806ceb","ccb0e4f432933560cbee8566a525b1429448433cf008b865816fe7f0f68984f1","8e668b1107b04b50b2121f016cb387780e5ea4b5a92bf4dd384496869aec3941","841256e027b1e0d6a76b8d2ffb3270b986f7f076f1292c66c14b0f73c64e0285","b3c73a87c947d50a56b5da76d30a2cf8f935e1182b4357c11eceeecd7b8dca63","a2a1739c24ee9bf1e02a36f51bd574febc12d947f048b97c0fe0d59827e11353","d5d966e336c8c8354f0fcbc89e4d12bef916c44f7f30430d199dff4a91375465","de0142fb7d258dde0cba84cfdd6ac0cde159a7eab934ebb0b8ffbfa595d3376e","44836b1b69be589a01ab5501fe04206539f19334b8957d95d4f6c3069595f071","0107393693f73ae0c461ac4145aacd2ebefafeee0027d4aede2e37e580256832","f063c5eb7b6901b5c054def9d5a2d15ece5830ea85c85a31cf751dd6ae654bf0","3964eca69bb49920de0721fe46b4636123469fb96fa148556f9d08b9edcc5d7f","77b8fd5c090c5a3f5fda427ddf75396e0491e7dd88fe0b347da03caf57477ffd","c8ab508be839f474746bf640d60648c4e20d8334dfc0d84241cb4dbb788f79c3"],"uploadUrl":"https://upload-firebasehosting.googleapis.com/upload/sites/dreality-36f77/versions/87a6ec5665fbeb1e/files"}
[debug] [2021-04-21T02:44:33.396Z] >>> [apiv2][query] POST https://upload-firebasehosting.googleapis.com/upload/sites/dreality-36f77/versions/87a6ec5665fbeb1e/files/30c9f3cfc63b9a25894a684d33201fdfcdc4e6e9b3ee0381114731fb5651dfe8 [none]
[debug] [2021-04-21T02:44:33.396Z] >>> [apiv2][body] POST https://upload-firebasehosting.googleapis.com/upload/sites/dreality-36f77/versions/87a6ec5665fbeb1e/files/30c9f3cfc63b9a25894a684d33201fdfcdc4e6e9b3ee0381114731fb5651dfe8 [stream]
[debug] [2021-04-21T02:44:33.398Z] >>> [apiv2][query] POST https://upload-firebasehosting.googleapis.com/upload/sites/dreality-36f77/versions/87a6ec5665fbeb1e/files/b5e672de78c2811f795f331bb69d909490f278de037b950a0743fe04ac1616f8 [none]
[debug] [2021-04-21T02:44:33.399Z] >>> [apiv2][body] POST https://upload-firebasehosting.googleapis.com/upload/sites/dreality-36f77/versions/87a6ec5665fbeb1e/files/b5e672de78c2811f795f331bb69d909490f278de037b950a0743fe04ac1616f8 [stream]
[debug] [2021-04-21T02:44:33.401Z] >>> [apiv2][query] POST https://upload-firebasehosting.googleapis.com/upload/sites/dreality-36f77/versions/87a6ec5665fbeb1e/files/b8a026045db45e87570bc12e925794aab02df8af555eacc8fb435517edc7e5cc [none]
[debug] [2021-04-21T02:44:33.401Z] >>> [apiv2][body] POST https://upload-firebasehosting.googleapis.com/upload/sites/dreality-36f77/versions/87a6ec5665fbeb1e/files/b8a026045db45e87570bc12e925794aab02df8af555eacc8fb435517edc7e5cc [stream]
[debug] [2021-04-21T02:44:33.403Z] >>> [apiv2][query] POST https://upload-firebasehosting.googleapis.com/upload/sites/dreality-36f77/versions/87a6ec5665fbeb1e/files/94eda92954266fc372e98f61a1cceefc1087e1edb0e37c74ceb9cd09f608819a [none]
[debug] [2021-04-21T02:44:33.403Z] >>> [apiv2][body] POST https://upload-firebasehosting.googleapis.com/upload/sites/dreality-36f77/versions/87a6ec5665fbeb1e/files/94eda92954266fc372e98f61a1cceefc1087e1edb0e37c74ceb9cd09f608819a [stream]
[debug] [2021-04-21T02:44:33.406Z] >>> [apiv2][query] POST https://upload-firebasehosting.googleapis.com/upload/sites/dreality-36f77/versions/87a6ec5665fbeb1e/files/df7eeed85b8c153bc3d3e3a0389a7f2ae804e7da2bfc94ef1aff283dc1a8f651 [none]
[debug] [2021-04-21T02:44:33.406Z] >>> [apiv2][body] POST https://upload-firebasehosting.googleapis.com/upload/sites/dreality-36f77/versions/87a6ec5665fbeb1e/files/df7eeed85b8c153bc3d3e3a0389a7f2ae804e7da2bfc94ef1aff283dc1a8f651 [stream]
[debug] [2021-04-21T02:44:33.407Z] >>> [apiv2][query] POST https://upload-firebasehosting.googleapis.com/upload/sites/dreality-36f77/versions/87a6ec5665fbeb1e/files/caa7268632fd6337fda8826c1d678d091e4a55fda6547a91b7bf3d625562f477 [none]
[debug] [2021-04-21T02:44:33.407Z] >>> [apiv2][body] POST https://upload-firebasehosting.googleapis.com/upload/sites/dreality-36f77/versions/87a6ec5665fbeb1e/files/caa7268632fd6337fda8826c1d678d091e4a55fda6547a91b7bf3d625562f477 [stream]
[debug] [2021-04-21T02:44:33.409Z] >>> [apiv2][query] POST https://upload-firebasehosting.googleapis.com/upload/sites/dreality-36f77/versions/87a6ec5665fbeb1e/files/9e72abd1c76668ba587dd33e5d60257a14257b98e205784d2a52cef1636ad006 [none]
[debug] [2021-04-21T02:44:33.409Z] >>> [apiv2][body] POST https://upload-firebasehosting.googleapis.com/upload/sites/dreality-36f77/versions/87a6ec5665fbeb1e/files/9e72abd1c76668ba587dd33e5d60257a14257b98e205784d2a52cef1636ad006 [stream]
[debug] [2021-04-21T02:44:33.410Z] >>> [apiv2][query] POST https://upload-firebasehosting.googleapis.com/upload/sites/dreality-36f77/versions/87a6ec5665fbeb1e/files/f40581346353eed16eb3643a064fae6313cbb0b311d7dd9c3e517c303f7f1f04 [none]
[debug] [2021-04-21T02:44:33.410Z] >>> [apiv2][body] POST https://upload-firebasehosting.googleapis.com/upload/sites/dreality-36f77/versions/87a6ec5665fbeb1e/files/f40581346353eed16eb3643a064fae6313cbb0b311d7dd9c3e517c303f7f1f04 [stream]
[debug] [2021-04-21T02:44:33.411Z] >>> [apiv2][query] POST https://upload-firebasehosting.googleapis.com/upload/sites/dreality-36f77/versions/87a6ec5665fbeb1e/files/2699b22c8aff696d320bb64c67a7a2ba2537698fb9367a4aeaf7067d0a76d37d [none]
[debug] [2021-04-21T02:44:33.412Z] >>> [apiv2][body] POST https://upload-firebasehosting.googleapis.com/upload/sites/dreality-36f77/versions/87a6ec5665fbeb1e/files/2699b22c8aff696d320bb64c67a7a2ba2537698fb9367a4aeaf7067d0a76d37d [stream]
[debug] [2021-04-21T02:44:33.413Z] >>> [apiv2][query] POST https://upload-firebasehosting.googleapis.com/upload/sites/dreality-36f77/versions/87a6ec5665fbeb1e/files/0f7634819eb373a16bbd893dc2b23060d3d626ef9dbf32820e02a27a602544a6 [none]
[debug] [2021-04-21T02:44:33.413Z] >>> [apiv2][body] POST https://upload-firebasehosting.googleapis.com/upload/sites/dreality-36f77/versions/87a6ec5665fbeb1e/files/0f7634819eb373a16bbd893dc2b23060d3d626ef9dbf32820e02a27a602544a6 [stream]
[debug] [2021-04-21T02:44:33.414Z] >>> [apiv2][query] POST https://upload-firebasehosting.googleapis.com/upload/sites/dreality-36f77/versions/87a6ec5665fbeb1e/files/b8c4730466d411a8cdfa380f486a0a7d1473fdbb7df2c3bd637b2626ff0f3bff [none]
[debug] [2021-04-21T02:44:33.414Z] >>> [apiv2][body] POST https://upload-firebasehosting.googleapis.com/upload/sites/dreality-36f77/versions/87a6ec5665fbeb1e/files/b8c4730466d411a8cdfa380f486a0a7d1473fdbb7df2c3bd637b2626ff0f3bff [stream]
[debug] [2021-04-21T02:44:33.414Z] >>> [apiv2][query] POST https://upload-firebasehosting.googleapis.com/upload/sites/dreality-36f77/versions/87a6ec5665fbeb1e/files/eb660fd3abb6a6985ec3444f7789419aa8f4b6ee5320adf75d163d1dd5d313d1 [none]
[debug] [2021-04-21T02:44:33.414Z] >>> [apiv2][body] POST https://upload-firebasehosting.googleapis.com/upload/sites/dreality-36f77/versions/87a6ec5665fbeb1e/files/eb660fd3abb6a6985ec3444f7789419aa8f4b6ee5320adf75d163d1dd5d313d1 [stream]
[debug] [2021-04-21T02:44:33.415Z] >>> [apiv2][query] POST https://upload-firebasehosting.googleapis.com/upload/sites/dreality-36f77/versions/87a6ec5665fbeb1e/files/6fbf8d50214f8ce94238c37f2549053bce2059af806aca38cc624eb317e3e66e [none]
[debug] [2021-04-21T02:44:33.415Z] >>> [apiv2][body] POST https://upload-firebasehosting.googleapis.com/upload/sites/dreality-36f77/versions/87a6ec5665fbeb1e/files/6fbf8d50214f8ce94238c37f2549053bce2059af806aca38cc624eb317e3e66e [stream]
[debug] [2021-04-21T02:44:33.416Z] >>> [apiv2][query] POST https://upload-firebasehosting.googleapis.com/upload/sites/dreality-36f77/versions/87a6ec5665fbeb1e/files/b9936c2f09c1ca7687f15c3e606144196545a5bee730045852ab81979e820685 [none]
[debug] [2021-04-21T02:44:33.416Z] >>> [apiv2][body] POST https://upload-firebasehosting.googleapis.com/upload/sites/dreality-36f77/versions/87a6ec5665fbeb1e/files/b9936c2f09c1ca7687f15c3e606144196545a5bee730045852ab81979e820685 [stream]
[debug] [2021-04-21T02:44:33.417Z] >>> [apiv2][query] POST https://upload-firebasehosting.googleapis.com/upload/sites/dreality-36f77/versions/87a6ec5665fbeb1e/files/c3475effa48cd991ab4b7c9de0879457007270324a16ddcb5bcd30b6a43e1f91 [none]
[debug] [2021-04-21T02:44:33.417Z] >>> [apiv2][body] POST https://upload-firebasehosting.googleapis.com/upload/sites/dreality-36f77/versions/87a6ec5665fbeb1e/files/c3475effa48cd991ab4b7c9de0879457007270324a16ddcb5bcd30b6a43e1f91 [stream]
[debug] [2021-04-21T02:44:33.418Z] >>> [apiv2][query] POST https://upload-firebasehosting.googleapis.com/upload/sites/dreality-36f77/versions/87a6ec5665fbeb1e/files/78a485c5866fcca1a5fa7fea11f127fa9b0f794a311695005ce2e077eedbdd8c [none]
[debug] [2021-04-21T02:44:33.418Z] >>> [apiv2][body] POST https://upload-firebasehosting.googleapis.com/upload/sites/dreality-36f77/versions/87a6ec5665fbeb1e/files/78a485c5866fcca1a5fa7fea11f127fa9b0f794a311695005ce2e077eedbdd8c [stream]
[debug] [2021-04-21T02:44:33.419Z] >>> [apiv2][query] POST https://upload-firebasehosting.googleapis.com/upload/sites/dreality-36f77/versions/87a6ec5665fbeb1e/files/cc0d6c655982754d2445ab64042093da4f7d8eef88a73422a83f0598ad806ceb [none]
[debug] [2021-04-21T02:44:33.419Z] >>> [apiv2][body] POST https://upload-firebasehosting.googleapis.com/upload/sites/dreality-36f77/versions/87a6ec5665fbeb1e/files/cc0d6c655982754d2445ab64042093da4f7d8eef88a73422a83f0598ad806ceb [stream]
[debug] [2021-04-21T02:44:33.420Z] >>> [apiv2][query] POST https://upload-firebasehosting.googleapis.com/upload/sites/dreality-36f77/versions/87a6ec5665fbeb1e/files/ccb0e4f432933560cbee8566a525b1429448433cf008b865816fe7f0f68984f1 [none]
[debug] [2021-04-21T02:44:33.420Z] >>> [apiv2][body] POST https://upload-firebasehosting.googleapis.com/upload/sites/dreality-36f77/versions/87a6ec5665fbeb1e/files/ccb0e4f432933560cbee8566a525b1429448433cf008b865816fe7f0f68984f1 [stream]
[debug] [2021-04-21T02:44:33.421Z] >>> [apiv2][query] POST https://upload-firebasehosting.googleapis.com/upload/sites/dreality-36f77/versions/87a6ec5665fbeb1e/files/8e668b1107b04b50b2121f016cb387780e5ea4b5a92bf4dd384496869aec3941 [none]
[debug] [2021-04-21T02:44:33.422Z] >>> [apiv2][body] POST https://upload-firebasehosting.googleapis.com/upload/sites/dreality-36f77/versions/87a6ec5665fbeb1e/files/8e668b1107b04b50b2121f016cb387780e5ea4b5a92bf4dd384496869aec3941 [stream]
[debug] [2021-04-21T02:44:33.422Z] >>> [apiv2][query] POST https://upload-firebasehosting.googleapis.com/upload/sites/dreality-36f77/versions/87a6ec5665fbeb1e/files/841256e027b1e0d6a76b8d2ffb3270b986f7f076f1292c66c14b0f73c64e0285 [none]
[debug] [2021-04-21T02:44:33.423Z] >>> [apiv2][body] POST https://upload-firebasehosting.googleapis.com/upload/sites/dreality-36f77/versions/87a6ec5665fbeb1e/files/841256e027b1e0d6a76b8d2ffb3270b986f7f076f1292c66c14b0f73c64e0285 [stream]
[debug] [2021-04-21T02:44:33.423Z] >>> [apiv2][query] POST https://upload-firebasehosting.googleapis.com/upload/sites/dreality-36f77/versions/87a6ec5665fbeb1e/files/b3c73a87c947d50a56b5da76d30a2cf8f935e1182b4357c11eceeecd7b8dca63 [none]
[debug] [2021-04-21T02:44:33.424Z] >>> [apiv2][body] POST https://upload-firebasehosting.googleapis.com/upload/sites/dreality-36f77/versions/87a6ec5665fbeb1e/files/b3c73a87c947d50a56b5da76d30a2cf8f935e1182b4357c11eceeecd7b8dca63 [stream]
[debug] [2021-04-21T02:44:33.425Z] >>> [apiv2][query] POST https://upload-firebasehosting.googleapis.com/upload/sites/dreality-36f77/versions/87a6ec5665fbeb1e/files/a2a1739c24ee9bf1e02a36f51bd574febc12d947f048b97c0fe0d59827e11353 [none]
[debug] [2021-04-21T02:44:33.425Z] >>> [apiv2][body] POST https://upload-firebasehosting.googleapis.com/upload/sites/dreality-36f77/versions/87a6ec5665fbeb1e/files/a2a1739c24ee9bf1e02a36f51bd574febc12d947f048b97c0fe0d59827e11353 [stream]
[debug] [2021-04-21T02:44:33.425Z] >>> [apiv2][query] POST https://upload-firebasehosting.googleapis.com/upload/sites/dreality-36f77/versions/87a6ec5665fbeb1e/files/d5d966e336c8c8354f0fcbc89e4d12bef916c44f7f30430d199dff4a91375465 [none]
[debug] [2021-04-21T02:44:33.425Z] >>> [apiv2][body] POST https://upload-firebasehosting.googleapis.com/upload/sites/dreality-36f77/versions/87a6ec5665fbeb1e/files/d5d966e336c8c8354f0fcbc89e4d12bef916c44f7f30430d199dff4a91375465 [stream]
[debug] [2021-04-21T02:44:33.426Z] >>> [apiv2][query] POST https://upload-firebasehosting.googleapis.com/upload/sites/dreality-36f77/versions/87a6ec5665fbeb1e/files/de0142fb7d258dde0cba84cfdd6ac0cde159a7eab934ebb0b8ffbfa595d3376e [none]
[debug] [2021-04-21T02:44:33.426Z] >>> [apiv2][body] POST https://upload-firebasehosting.googleapis.com/upload/sites/dreality-36f77/versions/87a6ec5665fbeb1e/files/de0142fb7d258dde0cba84cfdd6ac0cde159a7eab934ebb0b8ffbfa595d3376e [stream]
[debug] [2021-04-21T02:44:33.427Z] >>> [apiv2][query] POST https://upload-firebasehosting.googleapis.com/upload/sites/dreality-36f77/versions/87a6ec5665fbeb1e/files/44836b1b69be589a01ab5501fe04206539f19334b8957d95d4f6c3069595f071 [none]
[debug] [2021-04-21T02:44:33.427Z] >>> [apiv2][body] POST https://upload-firebasehosting.googleapis.com/upload/sites/dreality-36f77/versions/87a6ec5665fbeb1e/files/44836b1b69be589a01ab5501fe04206539f19334b8957d95d4f6c3069595f071 [stream]
[debug] [2021-04-21T02:44:33.427Z] >>> [apiv2][query] POST https://upload-firebasehosting.googleapis.com/upload/sites/dreality-36f77/versions/87a6ec5665fbeb1e/files/0107393693f73ae0c461ac4145aacd2ebefafeee0027d4aede2e37e580256832 [none]
[debug] [2021-04-21T02:44:33.427Z] >>> [apiv2][body] POST https://upload-firebasehosting.googleapis.com/upload/sites/dreality-36f77/versions/87a6ec5665fbeb1e/files/0107393693f73ae0c461ac4145aacd2ebefafeee0027d4aede2e37e580256832 [stream]
[debug] [2021-04-21T02:44:33.428Z] >>> [apiv2][query] POST https://upload-firebasehosting.googleapis.com/upload/sites/dreality-36f77/versions/87a6ec5665fbeb1e/files/f063c5eb7b6901b5c054def9d5a2d15ece5830ea85c85a31cf751dd6ae654bf0 [none]
[debug] [2021-04-21T02:44:33.428Z] >>> [apiv2][body] POST https://upload-firebasehosting.googleapis.com/upload/sites/dreality-36f77/versions/87a6ec5665fbeb1e/files/f063c5eb7b6901b5c054def9d5a2d15ece5830ea85c85a31cf751dd6ae654bf0 [stream]
[debug] [2021-04-21T02:44:33.429Z] >>> [apiv2][query] POST https://upload-firebasehosting.googleapis.com/upload/sites/dreality-36f77/versions/87a6ec5665fbeb1e/files/3964eca69bb49920de0721fe46b4636123469fb96fa148556f9d08b9edcc5d7f [none]
[debug] [2021-04-21T02:44:33.429Z] >>> [apiv2][body] POST https://upload-firebasehosting.googleapis.com/upload/sites/dreality-36f77/versions/87a6ec5665fbeb1e/files/3964eca69bb49920de0721fe46b4636123469fb96fa148556f9d08b9edcc5d7f [stream]
[debug] [2021-04-21T02:44:33.430Z] >>> [apiv2][query] POST https://upload-firebasehosting.googleapis.com/upload/sites/dreality-36f77/versions/87a6ec5665fbeb1e/files/77b8fd5c090c5a3f5fda427ddf75396e0491e7dd88fe0b347da03caf57477ffd [none]
[debug] [2021-04-21T02:44:33.430Z] >>> [apiv2][body] POST https://upload-firebasehosting.googleapis.com/upload/sites/dreality-36f77/versions/87a6ec5665fbeb1e/files/77b8fd5c090c5a3f5fda427ddf75396e0491e7dd88fe0b347da03caf57477ffd [stream]
[debug] [2021-04-21T02:44:33.430Z] >>> [apiv2][query] POST https://upload-firebasehosting.googleapis.com/upload/sites/dreality-36f77/versions/87a6ec5665fbeb1e/files/c8ab508be839f474746bf640d60648c4e20d8334dfc0d84241cb4dbb788f79c3 [none]
[debug] [2021-04-21T02:44:33.430Z] >>> [apiv2][body] POST https://upload-firebasehosting.googleapis.com/upload/sites/dreality-36f77/versions/87a6ec5665fbeb1e/files/c8ab508be839f474746bf640d60648c4e20d8334dfc0d84241cb4dbb788f79c3 [stream]
[debug] [2021-04-21T02:44:33.431Z] [hosting][populate queue][FINAL] {"max":1821,"min":1821,"avg":1821,"active":0,"complete":1,"success":1,"errored":0,"retried":0,"total":1,"elapsed":1856}
[debug] [2021-04-21T02:44:33.431Z] [hosting] uploads queued: 30
[debug] [2021-04-21T02:44:35.089Z] <<< [apiv2][status] POST https://upload-firebasehosting.googleapis.com/upload/sites/dreality-36f77/versions/87a6ec5665fbeb1e/files/de0142fb7d258dde0cba84cfdd6ac0cde159a7eab934ebb0b8ffbfa595d3376e 200
[debug] [2021-04-21T02:44:35.090Z] <<< [apiv2][body] POST https://upload-firebasehosting.googleapis.com/upload/sites/dreality-36f77/versions/87a6ec5665fbeb1e/files/de0142fb7d258dde0cba84cfdd6ac0cde159a7eab934ebb0b8ffbfa595d3376e [stream]
[debug] [2021-04-21T02:44:35.108Z] <<< [apiv2][status] POST https://upload-firebasehosting.googleapis.com/upload/sites/dreality-36f77/versions/87a6ec5665fbeb1e/files/eb660fd3abb6a6985ec3444f7789419aa8f4b6ee5320adf75d163d1dd5d313d1 200
[debug] [2021-04-21T02:44:35.108Z] <<< [apiv2][body] POST https://upload-firebasehosting.googleapis.com/upload/sites/dreality-36f77/versions/87a6ec5665fbeb1e/files/eb660fd3abb6a6985ec3444f7789419aa8f4b6ee5320adf75d163d1dd5d313d1 [stream]
[debug] [2021-04-21T02:44:35.195Z] <<< [apiv2][status] POST https://upload-firebasehosting.googleapis.com/upload/sites/dreality-36f77/versions/87a6ec5665fbeb1e/files/b8a026045db45e87570bc12e925794aab02df8af555eacc8fb435517edc7e5cc 200
[debug] [2021-04-21T02:44:35.195Z] <<< [apiv2][body] POST https://upload-firebasehosting.googleapis.com/upload/sites/dreality-36f77/versions/87a6ec5665fbeb1e/files/b8a026045db45e87570bc12e925794aab02df8af555eacc8fb435517edc7e5cc [stream]
[debug] [2021-04-21T02:44:35.279Z] <<< [apiv2][status] POST https://upload-firebasehosting.googleapis.com/upload/sites/dreality-36f77/versions/87a6ec5665fbeb1e/files/b5e672de78c2811f795f331bb69d909490f278de037b950a0743fe04ac1616f8 200
[debug] [2021-04-21T02:44:35.279Z] <<< [apiv2][body] POST https://upload-firebasehosting.googleapis.com/upload/sites/dreality-36f77/versions/87a6ec5665fbeb1e/files/b5e672de78c2811f795f331bb69d909490f278de037b950a0743fe04ac1616f8 [stream]
[debug] [2021-04-21T02:44:35.317Z] <<< [apiv2][status] POST https://upload-firebasehosting.googleapis.com/upload/sites/dreality-36f77/versions/87a6ec5665fbeb1e/files/cc0d6c655982754d2445ab64042093da4f7d8eef88a73422a83f0598ad806ceb 200
[debug] [2021-04-21T02:44:35.317Z] <<< [apiv2][body] POST https://upload-firebasehosting.googleapis.com/upload/sites/dreality-36f77/versions/87a6ec5665fbeb1e/files/cc0d6c655982754d2445ab64042093da4f7d8eef88a73422a83f0598ad806ceb [stream]
[debug] [2021-04-21T02:44:35.354Z] <<< [apiv2][status] POST https://upload-firebasehosting.googleapis.com/upload/sites/dreality-36f77/versions/87a6ec5665fbeb1e/files/8e668b1107b04b50b2121f016cb387780e5ea4b5a92bf4dd384496869aec3941 200
[debug] [2021-04-21T02:44:35.354Z] <<< [apiv2][body] POST https://upload-firebasehosting.googleapis.com/upload/sites/dreality-36f77/versions/87a6ec5665fbeb1e/files/8e668b1107b04b50b2121f016cb387780e5ea4b5a92bf4dd384496869aec3941 [stream]
[debug] [2021-04-21T02:44:35.411Z] <<< [apiv2][status] POST https://upload-firebasehosting.googleapis.com/upload/sites/dreality-36f77/versions/87a6ec5665fbeb1e/files/3964eca69bb49920de0721fe46b4636123469fb96fa148556f9d08b9edcc5d7f 200
[debug] [2021-04-21T02:44:35.411Z] <<< [apiv2][body] POST https://upload-firebasehosting.googleapis.com/upload/sites/dreality-36f77/versions/87a6ec5665fbeb1e/files/3964eca69bb49920de0721fe46b4636123469fb96fa148556f9d08b9edcc5d7f [stream]
[debug] [2021-04-21T02:44:35.643Z] <<< [apiv2][status] POST https://upload-firebasehosting.googleapis.com/upload/sites/dreality-36f77/versions/87a6ec5665fbeb1e/files/b9936c2f09c1ca7687f15c3e606144196545a5bee730045852ab81979e820685 200
[debug] [2021-04-21T02:44:35.643Z] <<< [apiv2][body] POST https://upload-firebasehosting.googleapis.com/upload/sites/dreality-36f77/versions/87a6ec5665fbeb1e/files/b9936c2f09c1ca7687f15c3e606144196545a5bee730045852ab81979e820685 [stream]
[debug] [2021-04-21T02:44:35.704Z] <<< [apiv2][status] POST https://upload-firebasehosting.googleapis.com/upload/sites/dreality-36f77/versions/87a6ec5665fbeb1e/files/b8c4730466d411a8cdfa380f486a0a7d1473fdbb7df2c3bd637b2626ff0f3bff 200
[debug] [2021-04-21T02:44:35.704Z] <<< [apiv2][body] POST https://upload-firebasehosting.googleapis.com/upload/sites/dreality-36f77/versions/87a6ec5665fbeb1e/files/b8c4730466d411a8cdfa380f486a0a7d1473fdbb7df2c3bd637b2626ff0f3bff [stream]
[debug] [2021-04-21T02:44:35.746Z] <<< [apiv2][status] POST https://upload-firebasehosting.googleapis.com/upload/sites/dreality-36f77/versions/87a6ec5665fbeb1e/files/f063c5eb7b6901b5c054def9d5a2d15ece5830ea85c85a31cf751dd6ae654bf0 200
[debug] [2021-04-21T02:44:35.746Z] <<< [apiv2][body] POST https://upload-firebasehosting.googleapis.com/upload/sites/dreality-36f77/versions/87a6ec5665fbeb1e/files/f063c5eb7b6901b5c054def9d5a2d15ece5830ea85c85a31cf751dd6ae654bf0 [stream]
[debug] [2021-04-21T02:44:36.042Z] <<< [apiv2][status] POST https://upload-firebasehosting.googleapis.com/upload/sites/dreality-36f77/versions/87a6ec5665fbeb1e/files/d5d966e336c8c8354f0fcbc89e4d12bef916c44f7f30430d199dff4a91375465 200
[debug] [2021-04-21T02:44:36.042Z] <<< [apiv2][body] POST https://upload-firebasehosting.googleapis.com/upload/sites/dreality-36f77/versions/87a6ec5665fbeb1e/files/d5d966e336c8c8354f0fcbc89e4d12bef916c44f7f30430d199dff4a91375465 [stream]
[debug] [2021-04-21T02:44:36.062Z] <<< [apiv2][status] POST https://upload-firebasehosting.googleapis.com/upload/sites/dreality-36f77/versions/87a6ec5665fbeb1e/files/a2a1739c24ee9bf1e02a36f51bd574febc12d947f048b97c0fe0d59827e11353 200
[debug] [2021-04-21T02:44:36.062Z] <<< [apiv2][body] POST https://upload-firebasehosting.googleapis.com/upload/sites/dreality-36f77/versions/87a6ec5665fbeb1e/files/a2a1739c24ee9bf1e02a36f51bd574febc12d947f048b97c0fe0d59827e11353 [stream]
[debug] [2021-04-21T02:44:36.112Z] <<< [apiv2][status] POST https://upload-firebasehosting.googleapis.com/upload/sites/dreality-36f77/versions/87a6ec5665fbeb1e/files/44836b1b69be589a01ab5501fe04206539f19334b8957d95d4f6c3069595f071 200
[debug] [2021-04-21T02:44:36.112Z] <<< [apiv2][body] POST https://upload-firebasehosting.googleapis.com/upload/sites/dreality-36f77/versions/87a6ec5665fbeb1e/files/44836b1b69be589a01ab5501fe04206539f19334b8957d95d4f6c3069595f071 [stream]
[debug] [2021-04-21T02:44:36.363Z] <<< [apiv2][status] POST https://upload-firebasehosting.googleapis.com/upload/sites/dreality-36f77/versions/87a6ec5665fbeb1e/files/0107393693f73ae0c461ac4145aacd2ebefafeee0027d4aede2e37e580256832 200
[debug] [2021-04-21T02:44:36.363Z] <<< [apiv2][body] POST https://upload-firebasehosting.googleapis.com/upload/sites/dreality-36f77/versions/87a6ec5665fbeb1e/files/0107393693f73ae0c461ac4145aacd2ebefafeee0027d4aede2e37e580256832 [stream]
[debug] [2021-04-21T02:44:36.571Z] <<< [apiv2][status] POST https://upload-firebasehosting.googleapis.com/upload/sites/dreality-36f77/versions/87a6ec5665fbeb1e/files/b3c73a87c947d50a56b5da76d30a2cf8f935e1182b4357c11eceeecd7b8dca63 200
[debug] [2021-04-21T02:44:36.571Z] <<< [apiv2][body] POST https://upload-firebasehosting.googleapis.com/upload/sites/dreality-36f77/versions/87a6ec5665fbeb1e/files/b3c73a87c947d50a56b5da76d30a2cf8f935e1182b4357c11eceeecd7b8dca63 [stream]
[debug] [2021-04-21T02:44:37.120Z] <<< [apiv2][status] POST https://upload-firebasehosting.googleapis.com/upload/sites/dreality-36f77/versions/87a6ec5665fbeb1e/files/df7eeed85b8c153bc3d3e3a0389a7f2ae804e7da2bfc94ef1aff283dc1a8f651 200
[debug] [2021-04-21T02:44:37.121Z] <<< [apiv2][body] POST https://upload-firebasehosting.googleapis.com/upload/sites/dreality-36f77/versions/87a6ec5665fbeb1e/files/df7eeed85b8c153bc3d3e3a0389a7f2ae804e7da2bfc94ef1aff283dc1a8f651 [stream]
[debug] [2021-04-21T02:44:38.129Z] <<< [apiv2][status] POST https://upload-firebasehosting.googleapis.com/upload/sites/dreality-36f77/versions/87a6ec5665fbeb1e/files/2699b22c8aff696d320bb64c67a7a2ba2537698fb9367a4aeaf7067d0a76d37d 200
[debug] [2021-04-21T02:44:38.130Z] <<< [apiv2][body] POST https://upload-firebasehosting.googleapis.com/upload/sites/dreality-36f77/versions/87a6ec5665fbeb1e/files/2699b22c8aff696d320bb64c67a7a2ba2537698fb9367a4aeaf7067d0a76d37d [stream]
[debug] [2021-04-21T02:44:38.732Z] <<< [apiv2][status] POST https://upload-firebasehosting.googleapis.com/upload/sites/dreality-36f77/versions/87a6ec5665fbeb1e/files/0f7634819eb373a16bbd893dc2b23060d3d626ef9dbf32820e02a27a602544a6 200
[debug] [2021-04-21T02:44:38.732Z] <<< [apiv2][body] POST https://upload-firebasehosting.googleapis.com/upload/sites/dreality-36f77/versions/87a6ec5665fbeb1e/files/0f7634819eb373a16bbd893dc2b23060d3d626ef9dbf32820e02a27a602544a6 [stream]
[debug] [2021-04-21T02:44:41.521Z] <<< [apiv2][status] POST https://upload-firebasehosting.googleapis.com/upload/sites/dreality-36f77/versions/87a6ec5665fbeb1e/files/f40581346353eed16eb3643a064fae6313cbb0b311d7dd9c3e517c303f7f1f04 200
[debug] [2021-04-21T02:44:41.521Z] <<< [apiv2][body] POST https://upload-firebasehosting.googleapis.com/upload/sites/dreality-36f77/versions/87a6ec5665fbeb1e/files/f40581346353eed16eb3643a064fae6313cbb0b311d7dd9c3e517c303f7f1f04 [stream]
[debug] [2021-04-21T02:44:41.723Z] <<< [apiv2][status] POST https://upload-firebasehosting.googleapis.com/upload/sites/dreality-36f77/versions/87a6ec5665fbeb1e/files/78a485c5866fcca1a5fa7fea11f127fa9b0f794a311695005ce2e077eedbdd8c 200
[debug] [2021-04-21T02:44:41.723Z] <<< [apiv2][body] POST https://upload-firebasehosting.googleapis.com/upload/sites/dreality-36f77/versions/87a6ec5665fbeb1e/files/78a485c5866fcca1a5fa7fea11f127fa9b0f794a311695005ce2e077eedbdd8c [stream]
[debug] [2021-04-21T02:44:41.980Z] <<< [apiv2][status] POST https://upload-firebasehosting.googleapis.com/upload/sites/dreality-36f77/versions/87a6ec5665fbeb1e/files/6fbf8d50214f8ce94238c37f2549053bce2059af806aca38cc624eb317e3e66e 200
[debug] [2021-04-21T02:44:41.980Z] <<< [apiv2][body] POST https://upload-firebasehosting.googleapis.com/upload/sites/dreality-36f77/versions/87a6ec5665fbeb1e/files/6fbf8d50214f8ce94238c37f2549053bce2059af806aca38cc624eb317e3e66e [stream]
[debug] [2021-04-21T02:44:43.404Z] <<< [apiv2][status] POST https://upload-firebasehosting.googleapis.com/upload/sites/dreality-36f77/versions/87a6ec5665fbeb1e/files/841256e027b1e0d6a76b8d2ffb3270b986f7f076f1292c66c14b0f73c64e0285 200
[debug] [2021-04-21T02:44:43.404Z] <<< [apiv2][body] POST https://upload-firebasehosting.googleapis.com/upload/sites/dreality-36f77/versions/87a6ec5665fbeb1e/files/841256e027b1e0d6a76b8d2ffb3270b986f7f076f1292c66c14b0f73c64e0285 [stream]
[debug] [2021-04-21T02:44:43.434Z] <<< [apiv2][status] POST https://upload-firebasehosting.googleapis.com/upload/sites/dreality-36f77/versions/87a6ec5665fbeb1e/files/c8ab508be839f474746bf640d60648c4e20d8334dfc0d84241cb4dbb788f79c3 200
[debug] [2021-04-21T02:44:43.434Z] <<< [apiv2][body] POST https://upload-firebasehosting.googleapis.com/upload/sites/dreality-36f77/versions/87a6ec5665fbeb1e/files/c8ab508be839f474746bf640d60648c4e20d8334dfc0d84241cb4dbb788f79c3 [stream]
[debug] [2021-04-21T02:44:44.266Z] <<< [apiv2][status] POST https://upload-firebasehosting.googleapis.com/upload/sites/dreality-36f77/versions/87a6ec5665fbeb1e/files/9e72abd1c76668ba587dd33e5d60257a14257b98e205784d2a52cef1636ad006 200
[debug] [2021-04-21T02:44:44.266Z] <<< [apiv2][body] POST https://upload-firebasehosting.googleapis.com/upload/sites/dreality-36f77/versions/87a6ec5665fbeb1e/files/9e72abd1c76668ba587dd33e5d60257a14257b98e205784d2a52cef1636ad006 [stream]
[debug] [2021-04-21T02:44:45.538Z] <<< [apiv2][status] POST https://upload-firebasehosting.googleapis.com/upload/sites/dreality-36f77/versions/87a6ec5665fbeb1e/files/30c9f3cfc63b9a25894a684d33201fdfcdc4e6e9b3ee0381114731fb5651dfe8 200
[debug] [2021-04-21T02:44:45.539Z] <<< [apiv2][body] POST https://upload-firebasehosting.googleapis.com/upload/sites/dreality-36f77/versions/87a6ec5665fbeb1e/files/30c9f3cfc63b9a25894a684d33201fdfcdc4e6e9b3ee0381114731fb5651dfe8 [stream]
[debug] [2021-04-21T02:44:45.842Z] <<< [apiv2][status] POST https://upload-firebasehosting.googleapis.com/upload/sites/dreality-36f77/versions/87a6ec5665fbeb1e/files/77b8fd5c090c5a3f5fda427ddf75396e0491e7dd88fe0b347da03caf57477ffd 200
[debug] [2021-04-21T02:44:45.842Z] <<< [apiv2][body] POST https://upload-firebasehosting.googleapis.com/upload/sites/dreality-36f77/versions/87a6ec5665fbeb1e/files/77b8fd5c090c5a3f5fda427ddf75396e0491e7dd88fe0b347da03caf57477ffd [stream]
[debug] [2021-04-21T02:44:46.491Z] <<< [apiv2][status] POST https://upload-firebasehosting.googleapis.com/upload/sites/dreality-36f77/versions/87a6ec5665fbeb1e/files/c3475effa48cd991ab4b7c9de0879457007270324a16ddcb5bcd30b6a43e1f91 200
[debug] [2021-04-21T02:44:46.491Z] <<< [apiv2][body] POST https://upload-firebasehosting.googleapis.com/upload/sites/dreality-36f77/versions/87a6ec5665fbeb1e/files/c3475effa48cd991ab4b7c9de0879457007270324a16ddcb5bcd30b6a43e1f91 [stream]
[debug] [2021-04-21T02:44:47.196Z] <<< [apiv2][status] POST https://upload-firebasehosting.googleapis.com/upload/sites/dreality-36f77/versions/87a6ec5665fbeb1e/files/caa7268632fd6337fda8826c1d678d091e4a55fda6547a91b7bf3d625562f477 200
[debug] [2021-04-21T02:44:47.197Z] <<< [apiv2][body] POST https://upload-firebasehosting.googleapis.com/upload/sites/dreality-36f77/versions/87a6ec5665fbeb1e/files/caa7268632fd6337fda8826c1d678d091e4a55fda6547a91b7bf3d625562f477 [stream]
[debug] [2021-04-21T02:44:47.774Z] <<< [apiv2][status] POST https://upload-firebasehosting.googleapis.com/upload/sites/dreality-36f77/versions/87a6ec5665fbeb1e/files/ccb0e4f432933560cbee8566a525b1429448433cf008b865816fe7f0f68984f1 200
[debug] [2021-04-21T02:44:47.774Z] <<< [apiv2][body] POST https://upload-firebasehosting.googleapis.com/upload/sites/dreality-36f77/versions/87a6ec5665fbeb1e/files/ccb0e4f432933560cbee8566a525b1429448433cf008b865816fe7f0f68984f1 [stream]
[debug] [2021-04-21T02:44:48.794Z] <<< [apiv2][status] POST https://upload-firebasehosting.googleapis.com/upload/sites/dreality-36f77/versions/87a6ec5665fbeb1e/files/94eda92954266fc372e98f61a1cceefc1087e1edb0e37c74ceb9cd09f608819a 200
[debug] [2021-04-21T02:44:48.794Z] <<< [apiv2][body] POST https://upload-firebasehosting.googleapis.com/upload/sites/dreality-36f77/versions/87a6ec5665fbeb1e/files/94eda92954266fc372e98f61a1cceefc1087e1edb0e37c74ceb9cd09f608819a [stream]
[debug] [2021-04-21T02:44:48.795Z] [hosting][upload queue][FINAL] {"max":15412,"min":1696,"avg":6176.966666666666,"active":0,"complete":30,"success":30,"errored":0,"retried":0,"total":30,"elapsed":15415}
[info] +  hosting[dreality-36f77]: file upload complete 
[debug] [2021-04-21T02:44:48.798Z] [hosting] deploy completed after 19600ms
[debug] [2021-04-21T02:44:49.139Z] [
  {
    "config": {
      "public": "dist",
      "ignore": [
        "firebase.json",
        "**/.*",
        "**/node_modules/**"
      ],
      "rewrites": [
        {
          "source": "/public/**",
          "destination": "/public.html"
        },
        {
          "source": "**",
          "destination": "/index.html"
        }
      ],
      "site": "dreality-36f77"
    },
    "site": "dreality-36f77",
    "version": "sites/dreality-36f77/versions/87a6ec5665fbeb1e"
  }
]
[info] i  hosting[dreality-36f77]: finalizing version... 
[debug] [2021-04-21T02:44:49.141Z] > refreshing access token with scopes: ["email","https://www.googleapis.com/auth/cloud-platform","https://www.googleapis.com/auth/cloudplatformprojects.readonly","https://www.googleapis.com/auth/firebase","openid"]
[debug] [2021-04-21T02:44:49.142Z] >>> HTTP REQUEST POST https://www.googleapis.com/oauth2/v3/token  
 <request body omitted>
[debug] [2021-04-21T02:44:49.434Z] <<< HTTP RESPONSE 200 {"pragma":"no-cache","cache-control":"no-cache, no-store, max-age=0, must-revalidate","expires":"Mon, 01 Jan 1990 00:00:00 GMT","date":"Wed, 21 Apr 2021 02:44:48 GMT","content-type":"application/json; charset=utf-8","vary":"X-Origin, Referer, Origin,Accept-Encoding","server":"scaffolding on HTTPServer2","x-xss-protection":"0","x-frame-options":"SAMEORIGIN","x-content-type-options":"nosniff","alt-svc":"h3-29=\":443\"; ma=2592000,h3-T051=\":443\"; ma=2592000,h3-Q050=\":443\"; ma=2592000,h3-Q046=\":443\"; ma=2592000,h3-Q043=\":443\"; ma=2592000,quic=\":443\"; ma=2592000; v=\"46,43\"","accept-ranges":"none","transfer-encoding":"chunked"}
[debug] [2021-04-21T02:44:49.448Z] >>> HTTP REQUEST PATCH https://firebasehosting.googleapis.com/v1beta1/sites/dreality-36f77/versions/87a6ec5665fbeb1e?updateMask=status  
 {"status":"FINALIZED"}
[debug] [2021-04-21T02:44:50.799Z] <<< HTTP RESPONSE 200 {"content-type":"application/json; charset=UTF-8","vary":"X-Origin, Referer, Origin,Accept-Encoding","date":"Wed, 21 Apr 2021 02:44:50 GMT","server":"ESF","cache-control":"private","x-xss-protection":"0","x-frame-options":"SAMEORIGIN","x-content-type-options":"nosniff","alt-svc":"h3-29=\":443\"; ma=2592000,h3-T051=\":443\"; ma=2592000,h3-Q050=\":443\"; ma=2592000,h3-Q046=\":443\"; ma=2592000,h3-Q043=\":443\"; ma=2592000,quic=\":443\"; ma=2592000; v=\"46,43\"","accept-ranges":"none","transfer-encoding":"chunked"}
[debug] [2021-04-21T02:44:50.799Z] [hosting] finalized version for dreality-36f77: {"name":"sites/dreality-36f77/versions/87a6ec5665fbeb1e","status":"FINALIZED","config":{"rewrites":[{"glob":"/public/**","path":"/public.html"},{"glob":"**","path":"/index.html"}]},"labels":{"deployment-tool":"cli-firebase"},"createTime":"2021-04-21T02:44:28.040057Z","createUser":{"email":"qasimovahumay@gmail.com"},"finalizeTime":"2021-04-21T02:44:50.240167Z","finalizeUser":{"email":"qasimovahumay@gmail.com"}}
[info] +  hosting[dreality-36f77]: version finalized 
[info] i  hosting[dreality-36f77]: releasing new version... 
[debug] [2021-04-21T02:44:50.801Z] >>> HTTP REQUEST POST https://firebasehosting.googleapis.com/v1beta1/sites/dreality-36f77/releases?version_name=sites/dreality-36f77/versions/87a6ec5665fbeb1e  
 {"message":null}
